                                                                     
                                                                     
                                                                     
                                             
sending incremental file list
.d..t...... ./
*deleting   iptraf/
*deleting   user.log.0
*deleting   ssclp.log
*deleting   dsm_om_connsvc32dIO.log
*deleting   dmesg.4.gz
*deleting   dmesg.3.gz
*deleting   cert
<f..t...... aptitude
<f.st...... aptitude.1.gz
<f.st...... auth.log
<f.st...... auth.log.0
<f.st...... auth.log.1.gz
<f+++++++++ auth.log.2.gz
<f+++++++++ auth.log.3.gz
<f..t...... boot
<f..t...... btmp
<f.stp..... btmp.1
<f.st...... daemon.log
<f.st...... daemon.log.0
<f+++++++++ daemon.log.1.gz
<f+++++++++ daemon.log.2.gz
<f+++++++++ daemon.log.3.gz
<f..t...... debug
<f.st...... debug.0
<f+++++++++ debug.1.gz
<f+++++++++ debug.2.gz
<f.st...... dmesg
<f.st...... dmesg.0
<f.st...... dmesg.1.gz
<f.st...... dmesg.2.gz
<f..t...... dpkg.log
<f.st...... dpkg.log.1
<f+++++++++ dpkg.log.2.gz
<f+++++++++ dpkg.log.3.gz
<f+++++++++ dpkg.log.4.gz
<f+++++++++ dpkg.log.5.gz
<f+++++++++ dpkg.log.6.gz
<f.st...... faillog
<f.st...... fontconfig.log
<f.st...... kern.log
<f.st...... kern.log.0
<f+++++++++ kern.log.1.gz
<f+++++++++ kern.log.2.gz
<f+++++++++ kern.log.3.gz
<f..t...... lastlog
<f..t...... lpr.log
<f..t...... mail.err
<f..t...... mail.info
<f..t...... mail.log
<f..t...... mail.warn
<f.st...... messages
<f.st...... messages.0
<f+++++++++ messages.1.gz
<f+++++++++ messages.2.gz
<f+++++++++ messages.3.gz
<f..t...... mysql.err
<f..t...... mysql.log
<f..t...... mysql.log.1.gz
<f..t...... mysql.log.2.gz
<f..t...... mysql.log.3.gz
<f..t...... mysql.log.4.gz
<f+++++++++ mysql.log.5.gz
<f+++++++++ mysql.log.6.gz
<f+++++++++ mysql.log.7.gz
<f..t...... pycentral.log
<f.s....... syslog
<f.st...... syslog.0
<f.st...... syslog.1.gz
<f.s....... syslog.2.gz
<f.s....... syslog.3.gz
<f.st...... syslog.4.gz
<f+++++++++ syslog.5.gz
<f+++++++++ syslog.6.gz
<f.st...... udev
<f..t...... user.log
<f.st...... wtmp
<f.st...... wtmp.1
.d..t...... ConsoleKit/
<f.st...... ConsoleKit/history
.d..t...... apache2/
<f.st...... apache2/access.log
<f+++++++++ apache2/access.log.1
<f+++++++++ apache2/access.log.2.gz
<f.st...... apache2/error.log
<f+++++++++ apache2/error.log.1
<f+++++++++ apache2/error.log.2.gz
<f.stp.g... apache2/other_vhosts_access.log
<f+++++++++ apache2/other_vhosts_access.log.1
.d..t...... apparmor/
.d..t...... apt/
<f..t...... apt/term.log
<f.st...... apt/term.log.1.gz
<f+++++++++ apt/term.log.2.gz
<f+++++++++ apt/term.log.3.gz
<f+++++++++ apt/term.log.4.gz
<f+++++++++ apt/term.log.5.gz
<f+++++++++ apt/term.log.6.gz
.d..t...... dist-upgrade/
<f+++++++++ dist-upgrade/apt-term.log
<f+++++++++ dist-upgrade/apt.log
<f+++++++++ dist-upgrade/main.log
<f+++++++++ dist-upgrade/xorg_fix_intrepid.log
cd+++++++++ dist-upgrade/20090622-1709/
<f+++++++++ dist-upgrade/20090622-1709/main.log
.d..t...... fsck/
<f..t...... fsck/checkfs
<f.st...... fsck/checkroot
.d..t...... installer/
<f.st...... installer/hardware-summary
<f.st...... installer/initial-status.gz
<f.st...... installer/lsb-release
<f.st...... installer/partman
<f.st...... installer/status
<f.st...... installer/syslog
.d..t...... installer/cdebconf/
<f.st...... installer/cdebconf/questions.dat
<f.st...... installer/cdebconf/templates.dat
.d..t...... landscape/
<f..t...... landscape/sysinfo.log
.d..t...... mysql/
<f+++++++++ mysql/mysql-bin.index
<f+++++++++ mysql/mysql-slow.log
<f+++++++++ mysql/mysql-slow.log.1.gz
<f+++++++++ mysql/mysql-slow.log.2.gz
<f+++++++++ mysql/mysql-slow.log.3.gz
<f+++++++++ mysql/mysql-slow.log.4.gz
<f+++++++++ mysql/mysql-slow.log.5.gz
<f+++++++++ mysql/mysql-slow.log.6.gz
<f+++++++++ mysql/mysql-slow.log.7.gz
<f+++++++++ mysql/mysql.log
<f+++++++++ mysql/mysql.log.1.gz
<f+++++++++ mysql/mysql.log.2.gz
<f+++++++++ mysql/mysql.log.3.gz
<f+++++++++ mysql/mysql.log.4.gz
<f+++++++++ mysql/mysql.log.5.gz
<f+++++++++ mysql/mysql.log.6.gz
<f+++++++++ mysql/mysql.log.7.gz
.d..t...... news/
<f..tp..... news/news.crit
<f..tp..... news/news.err
<f..tp..... news/news.notice
cd+++++++++ samba/
<f+++++++++ samba/log.0.0.0.0
<f+++++++++ samba/log.nmbd
<f+++++++++ samba/log.nmbd.1.gz
<f+++++++++ samba/log.nmbd.2.gz
<f+++++++++ samba/log.nmbd.3.gz
<f+++++++++ samba/log.nmbd.4.gz
<f+++++++++ samba/log.nmbd.5.gz
<f+++++++++ samba/log.nmbd.6.gz
<f+++++++++ samba/log.nmbd.7.gz
<f+++++++++ samba/log.smbd
<f+++++++++ samba/log.smbd.1.gz
<f+++++++++ samba/log.smbd.2.gz
<f+++++++++ samba/log.smbd.3.gz
<f+++++++++ samba/log.smbd.4.gz
<f+++++++++ samba/log.smbd.5.gz
<f+++++++++ samba/log.smbd.6.gz
<f+++++++++ samba/log.smbd.7.gz
cd+++++++++ samba/cores/
cd+++++++++ samba/cores/nmbd/
cd+++++++++ samba/cores/smbd/
cd+++++++++ samba/cores/winbindd/
.d..t...... tomcat6/
<f.st...... tomcat6/catalina.2009-06-28.log
<f..t...... tomcat6/localhost.2009-06-28.log

sent 6269 bytes  received 801 bytes  14140.00 bytes/sec
total size is 11270156  speedup is 1594.08 (DRY RUN)